Using pre-set license

 COMMAND LINE ARGUMENTS:
/Applications/Unity/Hub/Editor/2020.3.2f1/Unity.app/Contents/MacOS/Unity
-adb2
-batchMode
-noUpm
-name
AssetImportWorker0
-projectPath
/Users/josegil/Documents/Unity/Cinematic
-logFile
Logs/AssetImportWorker0.log
-srvPort
62307
Successfully changed project path to: /Users/josegil/Documents/Unity/Cinematic
/Users/josegil/Documents/Unity/Cinematic
Using Asset Import Pipeline V2.
Refreshing native plugins compatible for Editor in 33.98 ms, found 1 plugins.
Preloading 0 native plugins for Editor in 0.00 ms.
Initialize engine version: 2020.3.2f1 (8fd9074bf66c)
[Subsystems] Discovering subsystems at path /Applications/Unity/Hub/Editor/2020.3.2f1/Unity.app/Contents/Resources/UnitySubsystems
[Subsystems] Discovering subsystems at path /Users/josegil/Documents/Unity/Cinematic/Assets
GfxDevice: creating device client; threaded=0
2021-04-29 19:02:17.549 Unity[14439:709452] Color LCD preferred device: AMD Radeon Pro 560X (high power)
2021-04-29 19:02:17.549 Unity[14439:709452] Metal devices available: 2
2021-04-29 19:02:17.549 Unity[14439:709452] 0: AMD Radeon Pro 560X (high power)
2021-04-29 19:02:17.549 Unity[14439:709452] 1: Intel(R) UHD Graphics 630 (low power)
2021-04-29 19:02:17.549 Unity[14439:709452] Using device AMD Radeon Pro 560X (high power)
Initializing Metal device caps: AMD Radeon Pro 560X
Initialize mono
Mono path[0] = '/Applications/Unity/Hub/Editor/2020.3.2f1/Unity.app/Contents/Managed'
Mono path[1] = '/Applications/Unity/Hub/Editor/2020.3.2f1/Unity.app/Contents/MonoBleedingEdge/lib/mono/unityjit'
Mono config path = '/Applications/Unity/Hub/Editor/2020.3.2f1/Unity.app/Contents/MonoBleedingEdge/etc'
Using monoOptions --debugger-agent=transport=dt_socket,embedding=1,server=y,suspend=n,address=127.0.0.1:56439
Begin MonoManager ReloadAssembly
Registering precompiled unity dll's ...
Register platform support module: /Applications/Unity/Hub/Editor/2020.3.2f1/PlaybackEngines/WebGLSupport/UnityEditor.WebGL.Extensions.dll
Register platform support module: /Applications/Unity/Hub/Editor/2020.3.2f1/Unity.app/Contents/PlaybackEngines/MacStandaloneSupport/UnityEditor.OSXStandalone.Extensions.dll
Registered in 0.000631 seconds.
Native extension for OSXStandalone target not found
Native extension for WebGL target not found
Refreshing native plugins compatible for Editor in 29.66 ms, found 1 plugins.
Preloading 0 native plugins for Editor in 0.00 ms.
Invoked RoslynAnalysisRunner static constructor.
RoslynAnalysisRunner will not be running.
RoslynAnalysisRunner has terminated.
Mono: successfully reloaded assembly
- Completed reload, in  3.973 seconds
Platform modules already initialized, skipping
Registering precompiled user dll's ...
Registered in 0.000321 seconds.
Begin MonoManager ReloadAssembly
Native extension for OSXStandalone target not found
Native extension for WebGL target not found
Refreshing native plugins compatible for Editor in 0.30 ms, found 1 plugins.
Preloading 0 native plugins for Editor in 0.00 ms.
Invoked RoslynAnalysisRunner static constructor.
RoslynAnalysisRunner will not be running.
RoslynAnalysisRunner has terminated.
Mono: successfully reloaded assembly
- Completed reload, in  0.899 seconds
Platform modules already initialized, skipping
========================================================================
Worker process is ready to serve import requests
Launching external process: /Applications/Unity/Hub/Editor/2020.3.2f1/Unity.app/Contents/Tools/UnityShaderCompiler
Launched and connected shader compiler UnityShaderCompiler after 0.01 seconds
Refreshing native plugins compatible for Editor in 0.27 ms, found 1 plugins.
Preloading 0 native plugins for Editor in 0.00 ms.
Unloading 1295 Unused Serialized files (Serialized files now loaded: 0)
System memory in use before: 134.6 MB.
System memory in use after: 134.1 MB.

Unloading 13 unused Assets to reduce memory usage. Loaded Objects now: 1737.
Total: 2.591857 ms (FindLiveObjects: 0.149848 ms CreateObjectMapping: 0.040615 ms MarkObjects: 1.904011 ms  DeleteObjects: 0.496576 ms)

========================================================================
Received Import Request.
  path: Assets/The Great Fleece/PostProcessing/Editor/PropertyDrawers/MinDrawer.cs
  artifactKey: Guid(8995f52f410f0fb4cb1bdaa71a16e04e) Importer(815301076,1909f56bfc062723c751e8b465ee728b)
Start importing Assets/The Great Fleece/PostProcessing/Editor/PropertyDrawers/MinDrawer.cs using Guid(8995f52f410f0fb4cb1bdaa71a16e04e) Importer(815301076,1909f56bfc062723c751e8b465ee728b)  -> (artifact id: '72af02ddbeeb174ab696e6ed05f8bb82') in 0.371343 seconds
  Import took 0.374989 seconds .

========================================================================
Received Prepare
Registering precompiled user dll's ...
Registered in 0.000297 seconds.
Begin MonoManager ReloadAssembly
Native extension for OSXStandalone target not found
Native extension for WebGL target not found
Refreshing native plugins compatible for Editor in 0.29 ms, found 1 plugins.
Preloading 0 native plugins for Editor in 0.00 ms.
PostProcessing asset detected - importing CinemachinePostFX
UnityEngine.StackTraceUtility:ExtractStackTrace () (at /Users/bokken/buildslave/unity/build/Runtime/Export/Scripting/StackTrace.cs:37)
UnityEngine.DebugLogHandler:LogFormat (UnityEngine.LogType,UnityEngine.Object,string,object[])
UnityEngine.Logger:Log (UnityEngine.LogType,object)
UnityEngine.Debug:Log (object)
Cinemachine.PostFX.AutoExtractPostFX:.cctor () (at Assets/The Great Fleece/Cinemachine/PostFX/Editor/PostFXAutoImport.cs:29)
System.Runtime.CompilerServices.RuntimeHelpers:RunClassConstructor (System.RuntimeTypeHandle)
UnityEditor.EditorAssemblies:ProcessInitializeOnLoadAttributes (System.Type[]) (at /Users/bokken/buildslave/unity/build/Editor/Mono/EditorAssemblies.cs:114)

(Filename: Assets/The Great Fleece/Cinemachine/PostFX/Editor/PostFXAutoImport.cs Line: 29)

verify_permissions --fix -- /Users/josegil/Documents/Unity/Cinematic/Temp/Export Package/0e0644d1dc5364e5baa73d188c62b37a, running for josegil
Done fixing - no errors
Invoked RoslynAnalysisRunner static constructor.
RoslynAnalysisRunner will not be running.
RoslynAnalysisRunner has terminated.
Mono: successfully reloaded assembly
- Completed reload, in  1.339 seconds
Platform modules already initialized, skipping
Refreshing native plugins compatible for Editor in 0.28 ms, found 1 plugins.
Preloading 0 native plugins for Editor in 0.00 ms.
Unloading 1264 Unused Serialized files (Serialized files now loaded: 0)
System memory in use before: 156.5 MB.
System memory in use after: 156.0 MB.

Unloading 9 unused Assets to reduce memory usage. Loaded Objects now: 1742.
Total: 1.930412 ms (FindLiveObjects: 0.135280 ms CreateObjectMapping: 0.032700 ms MarkObjects: 1.257959 ms  DeleteObjects: 0.503695 ms)

========================================================================
Received Prepare
Registering precompiled user dll's ...
Registered in 0.000333 seconds.
Begin MonoManager ReloadAssembly
Native extension for OSXStandalone target not found
Native extension for WebGL target not found
Refreshing native plugins compatible for Editor in 0.28 ms, found 1 plugins.
Preloading 0 native plugins for Editor in 0.00 ms.
Invoked RoslynAnalysisRunner static constructor.
RoslynAnalysisRunner will not be running.
RoslynAnalysisRunner has terminated.
Mono: successfully reloaded assembly
- Completed reload, in  1.134 seconds
Platform modules already initialized, skipping
Refreshing native plugins compatible for Editor in 0.27 ms, found 1 plugins.
Preloading 0 native plugins for Editor in 0.00 ms.
Unloading 1263 Unused Serialized files (Serialized files now loaded: 0)
System memory in use before: 156.6 MB.
System memory in use after: 156.2 MB.

Unloading 9 unused Assets to reduce memory usage. Loaded Objects now: 1746.
Total: 2.570368 ms (FindLiveObjects: 0.187661 ms CreateObjectMapping: 0.055190 ms MarkObjects: 1.751432 ms  DeleteObjects: 0.574793 ms)

========================================================================
Received Import Request.
  Time since last request: 17.881827 seconds.
  path: Assets/The Great Fleece/PostProcessing/Editor/PropertyDrawers/MinDrawer.cs
  artifactKey: Guid(8995f52f410f0fb4cb1bdaa71a16e04e) Importer(815301076,1909f56bfc062723c751e8b465ee728b)
Start importing Assets/The Great Fleece/PostProcessing/Editor/PropertyDrawers/MinDrawer.cs using Guid(8995f52f410f0fb4cb1bdaa71a16e04e) Importer(815301076,1909f56bfc062723c751e8b465ee728b)  -> (artifact id: 'b6799a89513941b393af4ebeaae7bada') in 0.003870 seconds
  Import took 0.005961 seconds .

========================================================================
Received Import Request.
  Time since last request: 23.786372 seconds.
  path: Assets/Scenes/SampleScene.unity
  artifactKey: Guid(9fc0d4010bbf28b4594072e72b8655ab) Importer(815301076,1909f56bfc062723c751e8b465ee728b)
Start importing Assets/Scenes/SampleScene.unity using Guid(9fc0d4010bbf28b4594072e72b8655ab) Importer(815301076,1909f56bfc062723c751e8b465ee728b)  -> (artifact id: '75076e30b8b84ebf5e20060e44b32f1e') in 0.008677 seconds
  Import took 0.010960 seconds .

========================================================================
Received Import Request.
  Time since last request: 0.000389 seconds.
  path: Assets/Scenes/SampleScene.unity
  artifactKey: Guid(9fc0d4010bbf28b4594072e72b8655ab) Importer(815301076,1909f56bfc062723c751e8b465ee728b)
Start importing Assets/Scenes/SampleScene.unity using Guid(9fc0d4010bbf28b4594072e72b8655ab) Importer(815301076,1909f56bfc062723c751e8b465ee728b)  -> (artifact id: '75076e30b8b84ebf5e20060e44b32f1e') in 0.001062 seconds
  Import took 0.002849 seconds .

========================================================================
Received Import Request.
  Time since last request: 7.498449 seconds.
  path: Assets/The Great Fleece/Game/_Scenes
  artifactKey: Guid(998a318039a08418b912fef5ea7c8d50) Importer(815301076,1909f56bfc062723c751e8b465ee728b)
Start importing Assets/The Great Fleece/Game/_Scenes using Guid(998a318039a08418b912fef5ea7c8d50) Importer(815301076,1909f56bfc062723c751e8b465ee728b)  -> (artifact id: '8591c427ae18168ae0ec878853c28821') in 0.002326 seconds
  Import took 0.004685 seconds .

========================================================================
Received Import Request.
  Time since last request: 1.196918 seconds.
  path: Assets/The Great Fleece/Game/_Scenes/Main.unity
  artifactKey: Guid(9b026484f43ebc14f85fe756ec990657) Importer(815301076,1909f56bfc062723c751e8b465ee728b)
Start importing Assets/The Great Fleece/Game/_Scenes/Main.unity using Guid(9b026484f43ebc14f85fe756ec990657) Importer(815301076,1909f56bfc062723c751e8b465ee728b)  -> (artifact id: 'ea64ed8b59a40f7b687e20cbde4ddf64') in 0.002593 seconds
  Import took 0.005268 seconds .

========================================================================
Received Prepare
Registering precompiled user dll's ...
Registered in 0.001304 seconds.
Begin MonoManager ReloadAssembly
Native extension for OSXStandalone target not found
Native extension for WebGL target not found
Refreshing native plugins compatible for Editor in 0.51 ms, found 1 plugins.
Preloading 0 native plugins for Editor in 0.00 ms.
Invoked RoslynAnalysisRunner static constructor.
RoslynAnalysisRunner will not be running.
RoslynAnalysisRunner has terminated.
Mono: successfully reloaded assembly
- Completed reload, in  1.233 seconds
Platform modules already initialized, skipping
Refreshing native plugins compatible for Editor in 0.29 ms, found 1 plugins.
Preloading 0 native plugins for Editor in 0.00 ms.
Unloading 1263 Unused Serialized files (Serialized files now loaded: 0)
System memory in use before: 156.9 MB.
System memory in use after: 156.4 MB.

Unloading 9 unused Assets to reduce memory usage. Loaded Objects now: 1750.
Total: 2.533174 ms (FindLiveObjects: 0.174553 ms CreateObjectMapping: 0.050345 ms MarkObjects: 1.750940 ms  DeleteObjects: 0.556340 ms)

